Copyright 1986-2017 Xilinx, Inc. All Rights Reserved.
----------------------------------------------------------------------------------------------------------------------------------------------------------------
| Tool Version     : Vivado v.2017.2 (win64) Build 1909853 Thu Jun 15 18:39:09 MDT 2017
| Date             : Sat Sep 28 11:06:29 2024
| Host             : andreas-xps15 running 64-bit major release  (build 9200)
| Command          : report_power -file system_wrapper_power_routed.rpt -pb system_wrapper_power_summary_routed.pb -rpx system_wrapper_power_routed.rpx
| Design           : system_wrapper
| Device           : xc7z010clg400-1
| Design State     : routed
| Grade            : commercial
| Process          : typical
| Characterization : Production
----------------------------------------------------------------------------------------------------------------------------------------------------------------

Power Report

Table of Contents
-----------------
1. Summary
1.1 On-Chip Components
1.2 Power Supply Summary
1.3 Confidence Level
2. Settings
2.1 Environment
2.2 Clock Constraints
3. Detailed Reports
3.1 By Hierarchy

1. Summary
----------

+--------------------------+-------+
| Total On-Chip Power (W)  | 1.661 |
| Dynamic (W)              | 1.534 |
| Device Static (W)        | 0.127 |
| Effective TJA (C/W)      | 11.5  |
| Max Ambient (C)          | 65.8  |
| Junction Temperature (C) | 44.2  |
| Confidence Level         | Low   |
| Setting File             | ---   |
| Simulation Activity File | ---   |
| Design Nets Matched      | NA    |
+--------------------------+-------+


1.1 On-Chip Components
----------------------

+-------------------------+-----------+----------+-----------+-----------------+
| On-Chip                 | Power (W) | Used     | Available | Utilization (%) |
+-------------------------+-----------+----------+-----------+-----------------+
| Clocks                  |     0.012 |        3 |       --- |             --- |
| Slice Logic             |     0.005 |     6253 |       --- |             --- |
|   LUT as Logic          |     0.004 |     2017 |     17600 |           11.46 |
|   Register              |    <0.001 |     3002 |     35200 |            8.53 |
|   CARRY4                |    <0.001 |       75 |      4400 |            1.70 |
|   F7/F8 Muxes           |    <0.001 |       62 |     17600 |            0.35 |
|   LUT as Shift Register |    <0.001 |      207 |      6000 |            3.45 |
|   Others                |     0.000 |      335 |       --- |             --- |
| Signals                 |     0.007 |     4633 |       --- |             --- |
| Block RAM               |     0.002 |        2 |        60 |            3.33 |
| I/O                     |    <0.001 |       12 |       100 |           12.00 |
| PS7                     |     1.509 |        1 |       --- |             --- |
| Static Power            |     0.127 |          |           |                 |
| Total                   |     1.661 |          |           |                 |
+-------------------------+-----------+----------+-----------+-----------------+


1.2 Power Supply Summary
------------------------

+-----------+-------------+-----------+-------------+------------+
| Source    | Voltage (V) | Total (A) | Dynamic (A) | Static (A) |
+-----------+-------------+-----------+-------------+------------+
| Vccint    |       1.000 |     0.033 |       0.025 |      0.007 |
| Vccaux    |       1.800 |     0.012 |       0.000 |      0.012 |
| Vcco33    |       3.300 |     0.000 |       0.000 |      0.000 |
| Vcco25    |       2.500 |     0.000 |       0.000 |      0.000 |
| Vcco18    |       1.800 |     0.000 |       0.000 |      0.000 |
| Vcco15    |       1.500 |     0.000 |       0.000 |      0.000 |
| Vcco135   |       1.350 |     0.000 |       0.000 |      0.000 |
| Vcco12    |       1.200 |     0.000 |       0.000 |      0.000 |
| Vccaux_io |       1.800 |     0.000 |       0.000 |      0.000 |
| Vccbram   |       1.000 |     0.001 |       0.000 |      0.001 |
| MGTAVcc   |       1.000 |     0.000 |       0.000 |      0.000 |
| MGTAVtt   |       1.200 |     0.000 |       0.000 |      0.000 |
| MGTVccaux |       1.800 |     0.000 |       0.000 |      0.000 |
| Vccpint   |       1.000 |     0.738 |       0.708 |      0.030 |
| Vccpaux   |       1.800 |     0.060 |       0.049 |      0.010 |
| Vccpll    |       1.800 |     0.018 |       0.015 |      0.003 |
| Vcco_ddr  |       1.500 |     0.458 |       0.456 |      0.002 |
| Vcco_mio0 |       3.300 |     0.001 |       0.000 |      0.001 |
| Vcco_mio1 |       1.800 |     0.001 |       0.000 |      0.001 |
| Vccadc    |       1.800 |     0.020 |       0.000 |      0.020 |
+-----------+-------------+-----------+-------------+------------+


1.3 Confidence Level
--------------------

+-----------------------------+------------+--------------------------------------------------------+------------------------------------------------------------------------------------------------------------+
| User Input Data             | Confidence | Details                                                | Action                                                                                                     |
+-----------------------------+------------+--------------------------------------------------------+------------------------------------------------------------------------------------------------------------+
| Design implementation state | High       | Design is routed                                       |                                                                                                            |
| Clock nodes activity        | High       | User specified more than 95% of clocks                 |                                                                                                            |
| I/O nodes activity          | Low        | More than 75% of inputs are missing user specification | Provide missing input activity with simulation results or by editing the "By Resource Type -> I/Os" view   |
| Internal nodes activity     | Medium     | User specified less than 25% of internal nodes         | Provide missing internal nodes activity with simulation results or by editing the "By Resource Type" views |
| Device models               | High       | Device models are Production                           |                                                                                                            |
|                             |            |                                                        |                                                                                                            |
| Overall confidence level    | Low        |                                                        |                                                                                                            |
+-----------------------------+------------+--------------------------------------------------------+------------------------------------------------------------------------------------------------------------+


2. Settings
-----------

2.1 Environment
---------------

+-----------------------+------------------------+
| Ambient Temp (C)      | 25.0                   |
| ThetaJA (C/W)         | 11.5                   |
| Airflow (LFM)         | 250                    |
| Heat Sink             | none                   |
| ThetaSA (C/W)         | 0.0                    |
| Board Selection       | medium (10"x10")       |
| # of Board Layers     | 8to11 (8 to 11 Layers) |
| Board Temperature (C) | 25.0                   |
+-----------------------+------------------------+


2.2 Clock Constraints
---------------------

+------------+-----------------------------------------------------------+-----------------+
| Clock      | Domain                                                    | Constraint (ns) |
+------------+-----------------------------------------------------------+-----------------+
| clk_fpga_0 | system_i/processing_system7_0/inst/FCLK_CLK_unbuffered[0] |            10.0 |
+------------+-----------------------------------------------------------+-----------------+


3. Detailed Reports
-------------------

3.1 By Hierarchy
----------------

+-----------------------------------------------------------------+-----------+
| Name                                                            | Power (W) |
+-----------------------------------------------------------------+-----------+
| system_wrapper                                                  |     1.534 |
|   system_i                                                      |     1.534 |
|     axi_bram_ctrl_0                                             |     0.002 |
|       U0                                                        |     0.002 |
|         gext_inst.abcv4_0_ext_inst                              |     0.002 |
|           GEN_AXI4.I_FULL_AXI                                   |     0.002 |
|             GEN_ARB.I_SNG_PORT                                  |    <0.001 |
|             I_RD_CHNL                                           |     0.001 |
|               I_WRAP_BRST                                       |    <0.001 |
|             I_WR_CHNL                                           |    <0.001 |
|               BID_FIFO                                          |    <0.001 |
|               I_WRAP_BRST                                       |    <0.001 |
|     axi_bram_ctrl_0_bram                                        |     0.002 |
|       U0                                                        |     0.002 |
|         inst_blk_mem_gen                                        |     0.002 |
|           gnbram.gnative_mem_map_bmg.native_mem_map_blk_mem_gen |     0.002 |
|             valid.cstr                                          |     0.002 |
|               ramloop[0].ram.r                                  |     0.001 |
|                 prim_noinit.ram                                 |     0.001 |
|               ramloop[1].ram.r                                  |     0.001 |
|                 prim_noinit.ram                                 |     0.001 |
|     buttons                                                     |    <0.001 |
|       U0                                                        |    <0.001 |
|         AXI_LITE_IPIF_I                                         |    <0.001 |
|           I_SLAVE_ATTACHMENT                                    |    <0.001 |
|             I_DECODER                                           |    <0.001 |
|         gpio_core_1                                             |    <0.001 |
|           Not_Dual.INPUT_DOUBLE_REGS3                           |    <0.001 |
|     led_ip                                                      |    <0.001 |
|       U0                                                        |    <0.001 |
|         led_ip_v1_0_S_AXI_inst                                  |    <0.001 |
|     processing_system7_0                                        |     1.510 |
|       inst                                                      |     1.510 |
|     processing_system7_0_axi_periph                             |     0.018 |
|       m00_couplers                                              |     0.004 |
|         auto_pc                                                 |     0.004 |
|           inst                                                  |     0.004 |
|             gen_axilite.gen_b2s_conv.axilite_b2s                |     0.004 |
|               RD.ar_channel_0                                   |    <0.001 |
|                 ar_cmd_fsm_0                                    |    <0.001 |
|                 cmd_translator_0                                |    <0.001 |
|                   incr_cmd_0                                    |    <0.001 |
|                   wrap_cmd_0                                    |    <0.001 |
|               RD.r_channel_0                                    |    <0.001 |
|                 rd_data_fifo_0                                  |    <0.001 |
|                 transaction_fifo_0                              |    <0.001 |
|               SI_REG                                            |     0.002 |
|                 ar_pipe                                         |    <0.001 |
|                 aw_pipe                                         |    <0.001 |
|                 b_pipe                                          |    <0.001 |
|                 r_pipe                                          |    <0.001 |
|               WR.aw_channel_0                                   |    <0.001 |
|                 aw_cmd_fsm_0                                    |    <0.001 |
|                 cmd_translator_0                                |    <0.001 |
|                   incr_cmd_0                                    |    <0.001 |
|                   wrap_cmd_0                                    |    <0.001 |
|               WR.b_channel_0                                    |    <0.001 |
|                 bid_fifo_0                                      |    <0.001 |
|                 bresp_fifo_0                                    |    <0.001 |
|       m01_couplers                                              |     0.004 |
|         auto_pc                                                 |     0.004 |
|           inst                                                  |     0.004 |
|             gen_axilite.gen_b2s_conv.axilite_b2s                |     0.004 |
|               RD.ar_channel_0                                   |    <0.001 |
|                 ar_cmd_fsm_0                                    |    <0.001 |
|                 cmd_translator_0                                |    <0.001 |
|                   incr_cmd_0                                    |    <0.001 |
|                   wrap_cmd_0                                    |    <0.001 |
|               RD.r_channel_0                                    |    <0.001 |
|                 rd_data_fifo_0                                  |    <0.001 |
|                 transaction_fifo_0                              |    <0.001 |
|               SI_REG                                            |     0.002 |
|                 ar_pipe                                         |    <0.001 |
|                 aw_pipe                                         |    <0.001 |
|                 b_pipe                                          |    <0.001 |
|                 r_pipe                                          |    <0.001 |
|               WR.aw_channel_0                                   |    <0.001 |
|                 aw_cmd_fsm_0                                    |    <0.001 |
|                 cmd_translator_0                                |    <0.001 |
|                   incr_cmd_0                                    |    <0.001 |
|                   wrap_cmd_0                                    |    <0.001 |
|               WR.b_channel_0                                    |    <0.001 |
|                 bid_fifo_0                                      |    <0.001 |
|                 bresp_fifo_0                                    |    <0.001 |
|       m02_couplers                                              |     0.003 |
|         auto_pc                                                 |     0.003 |
|           inst                                                  |     0.003 |
|             gen_axilite.gen_b2s_conv.axilite_b2s                |     0.003 |
|               RD.ar_channel_0                                   |    <0.001 |
|                 ar_cmd_fsm_0                                    |    <0.001 |
|                 cmd_translator_0                                |    <0.001 |
|                   incr_cmd_0                                    |    <0.001 |
|                   wrap_cmd_0                                    |    <0.001 |
|               RD.r_channel_0                                    |    <0.001 |
|                 rd_data_fifo_0                                  |    <0.001 |
|                 transaction_fifo_0                              |    <0.001 |
|               SI_REG                                            |     0.001 |
|                 ar_pipe                                         |    <0.001 |
|                 aw_pipe                                         |    <0.001 |
|                 b_pipe                                          |    <0.001 |
|                 r_pipe                                          |    <0.001 |
|               WR.aw_channel_0                                   |    <0.001 |
|                 aw_cmd_fsm_0                                    |    <0.001 |
|                 cmd_translator_0                                |    <0.001 |
|                   incr_cmd_0                                    |    <0.001 |
|                   wrap_cmd_0                                    |    <0.001 |
|               WR.b_channel_0                                    |    <0.001 |
|                 bid_fifo_0                                      |    <0.001 |
|                 bresp_fifo_0                                    |    <0.001 |
|       s00_couplers                                              |     0.000 |
|         auto_pc                                                 |     0.000 |
|       xbar                                                      |     0.007 |
|         inst                                                    |     0.007 |
|           gen_samd.crossbar_samd                                |     0.007 |
|             addr_arbiter_ar                                     |    <0.001 |
|             addr_arbiter_aw                                     |    <0.001 |
|             gen_decerr_slave.decerr_slave_inst                  |    <0.001 |
|             gen_master_slots[0].reg_slice_mi                    |    <0.001 |
|               b_pipe                                            |    <0.001 |
|               r_pipe                                            |    <0.001 |
|             gen_master_slots[1].reg_slice_mi                    |    <0.001 |
|               b_pipe                                            |    <0.001 |
|               r_pipe                                            |    <0.001 |
|             gen_master_slots[2].reg_slice_mi                    |    <0.001 |
|               b_pipe                                            |    <0.001 |
|               r_pipe                                            |    <0.001 |
|             gen_master_slots[3].reg_slice_mi                    |    <0.001 |
|               b_pipe                                            |    <0.001 |
|               r_pipe                                            |    <0.001 |
|             gen_master_slots[4].reg_slice_mi                    |    <0.001 |
|               b_pipe                                            |    <0.001 |
|               r_pipe                                            |    <0.001 |
|             gen_slave_slots[0].gen_si_read.si_transactor_ar     |     0.001 |
|               gen_multi_thread.arbiter_resp_inst                |    <0.001 |
|               gen_multi_thread.mux_resp_multi_thread            |    <0.001 |
|             gen_slave_slots[0].gen_si_write.si_transactor_aw    |     0.002 |
|               gen_multi_thread.arbiter_resp_inst                |    <0.001 |
|               gen_multi_thread.mux_resp_multi_thread            |    <0.001 |
|             gen_slave_slots[0].gen_si_write.splitter_aw_si      |    <0.001 |
|             gen_slave_slots[0].gen_si_write.wdata_router_w      |    <0.001 |
|               wrouter_aw_fifo                                   |    <0.001 |
|                 gen_srls[0].gen_rep[0].srl_nx1                  |    <0.001 |
|                 gen_srls[0].gen_rep[1].srl_nx1                  |    <0.001 |
|                 gen_srls[0].gen_rep[2].srl_nx1                  |    <0.001 |
|             splitter_aw_mi                                      |    <0.001 |
|     rst_processing_system7_0_50M                                |    <0.001 |
|       U0                                                        |    <0.001 |
|         EXT_LPF                                                 |    <0.001 |
|           ACTIVE_LOW_EXT.ACT_LO_EXT                             |    <0.001 |
|         SEQ                                                     |    <0.001 |
|           SEQ_COUNTER                                           |    <0.001 |
|     switches                                                    |    <0.001 |
|       U0                                                        |    <0.001 |
|         AXI_LITE_IPIF_I                                         |    <0.001 |
|           I_SLAVE_ATTACHMENT                                    |    <0.001 |
|             I_DECODER                                           |    <0.001 |
|         gpio_core_1                                             |    <0.001 |
|           Not_Dual.INPUT_DOUBLE_REGS3                           |    <0.001 |
+-----------------------------------------------------------------+-----------+


